{"C:\\Users\\HI\\OneDrive\\Desktop\\graphql\\backend\\app.js": {"path":"C:\\Users\\HI\\OneDrive\\Desktop\\graphql\\backend\\app.js","statementMap":{"0":{"start":{"line":1,"column":16},"end":{"line":1,"column":34}},"1":{"start":{"line":2,"column":13},"end":{"line":2,"column":28}},"2":{"start":{"line":3,"column":24},"end":{"line":3,"column":50}},"3":{"start":{"line":4,"column":17},"end":{"line":4,"column":36}},"4":{"start":{"line":5,"column":15},"end":{"line":5,"column":42}},"5":{"start":{"line":6,"column":0},"end":{"line":6,"column":27}},"6":{"start":{"line":8,"column":12},"end":{"line":8,"column":21}},"7":{"start":{"line":10,"column":0},"end":{"line":10,"column":16}},"8":{"start":{"line":12,"column":0},"end":{"line":14,"column":3}},"9":{"start":{"line":13,"column":2},"end":{"line":13,"column":29}},"10":{"start":{"line":16,"column":0},"end":{"line":19,"column":4}},"11":{"start":{"line":21,"column":0},"end":{"line":23,"column":38}},"12":{"start":{"line":22,"column":14},"end":{"line":22,"column":46}},"13":{"start":{"line":23,"column":18},"end":{"line":23,"column":36}},"14":{"start":{"line":25,"column":0},"end":{"line":25,"column":21}}},"fnMap":{"0":{"name":"(anonymous_0)","decl":{"start":{"line":12,"column":13},"end":{"line":12,"column":14}},"loc":{"start":{"line":12,"column":27},"end":{"line":14,"column":1}},"line":12},"1":{"name":"(anonymous_1)","decl":{"start":{"line":22,"column":8},"end":{"line":22,"column":9}},"loc":{"start":{"line":22,"column":14},"end":{"line":22,"column":46}},"line":22},"2":{"name":"(anonymous_2)","decl":{"start":{"line":23,"column":9},"end":{"line":23,"column":10}},"loc":{"start":{"line":23,"column":18},"end":{"line":23,"column":36}},"line":23}},"branchMap":{},"s":{"0":1,"1":1,"2":1,"3":1,"4":1,"5":1,"6":1,"7":1,"8":1,"9":1,"10":1,"11":1,"12":1,"13":0,"14":1},"f":{"0":1,"1":1,"2":0},"b":{},"_coverageSchema":"1a1c01bbd47fc00a2c39e90264f33305004495a9","hash":"14b7b9e10744a1dc1dc7dedec4c90e615c3c3b2c"}
,"C:\\Users\\HI\\OneDrive\\Desktop\\graphql\\backend\\graphql\\mutations.js": {"path":"C:\\Users\\HI\\OneDrive\\Desktop\\graphql\\backend\\graphql\\mutations.js","statementMap":{"0":{"start":{"line":1,"column":65},"end":{"line":1,"column":83}},"1":{"start":{"line":2,"column":13},"end":{"line":2,"column":44}},"2":{"start":{"line":3,"column":17},"end":{"line":3,"column":44}},"3":{"start":{"line":5,"column":0},"end":{"line":41,"column":2}},"4":{"start":{"line":14,"column":19},"end":{"line":14,"column":92}},"5":{"start":{"line":15,"column":6},"end":{"line":15,"column":25}},"6":{"start":{"line":27,"column":22},"end":{"line":27,"column":24}},"7":{"start":{"line":28,"column":6},"end":{"line":28,"column":46}},"8":{"start":{"line":28,"column":21},"end":{"line":28,"column":46}},"9":{"start":{"line":29,"column":6},"end":{"line":29,"column":49}},"10":{"start":{"line":29,"column":22},"end":{"line":29,"column":49}},"11":{"start":{"line":30,"column":6},"end":{"line":30,"column":58}},"12":{"start":{"line":30,"column":25},"end":{"line":30,"column":58}},"13":{"start":{"line":31,"column":6},"end":{"line":31,"column":69}},"14":{"start":{"line":38,"column":6},"end":{"line":38,"column":45}}},"fnMap":{"0":{"name":"(anonymous_0)","decl":{"start":{"line":13,"column":4},"end":{"line":13,"column":5}},"loc":{"start":{"line":13,"column":21},"end":{"line":16,"column":5}},"line":13},"1":{"name":"(anonymous_1)","decl":{"start":{"line":26,"column":4},"end":{"line":26,"column":5}},"loc":{"start":{"line":26,"column":21},"end":{"line":32,"column":5}},"line":26},"2":{"name":"(anonymous_2)","decl":{"start":{"line":37,"column":4},"end":{"line":37,"column":5}},"loc":{"start":{"line":37,"column":21},"end":{"line":39,"column":5}},"line":37}},"branchMap":{"0":{"loc":{"start":{"line":28,"column":6},"end":{"line":28,"column":46}},"type":"if","locations":[{"start":{"line":28,"column":6},"end":{"line":28,"column":46}},{"start":{},"end":{}}],"line":28},"1":{"loc":{"start":{"line":29,"column":6},"end":{"line":29,"column":49}},"type":"if","locations":[{"start":{"line":29,"column":6},"end":{"line":29,"column":49}},{"start":{},"end":{}}],"line":29},"2":{"loc":{"start":{"line":30,"column":6},"end":{"line":30,"column":58}},"type":"if","locations":[{"start":{"line":30,"column":6},"end":{"line":30,"column":58}},{"start":{},"end":{}}],"line":30}},"s":{"0":1,"1":1,"2":1,"3":1,"4":1,"5":1,"6":1,"7":1,"8":1,"9":1,"10":1,"11":1,"12":1,"13":1,"14":1},"f":{"0":1,"1":1,"2":1},"b":{"0":[1,0],"1":[1,0],"2":[1,0]},"_coverageSchema":"1a1c01bbd47fc00a2c39e90264f33305004495a9","hash":"b468871398b88c564f552a51cd0c8e65ed2b3dd0"}
,"C:\\Users\\HI\\OneDrive\\Desktop\\graphql\\backend\\graphql\\queries.js": {"path":"C:\\Users\\HI\\OneDrive\\Desktop\\graphql\\backend\\graphql\\queries.js","statementMap":{"0":{"start":{"line":1,"column":35},"end":{"line":1,"column":53}},"1":{"start":{"line":2,"column":13},"end":{"line":2,"column":44}},"2":{"start":{"line":3,"column":17},"end":{"line":3,"column":44}},"3":{"start":{"line":5,"column":0},"end":{"line":19,"column":2}},"4":{"start":{"line":9,"column":6},"end":{"line":9,"column":27}},"5":{"start":{"line":16,"column":6},"end":{"line":16,"column":36}}},"fnMap":{"0":{"name":"(anonymous_0)","decl":{"start":{"line":8,"column":4},"end":{"line":8,"column":5}},"loc":{"start":{"line":8,"column":14},"end":{"line":10,"column":5}},"line":8},"1":{"name":"(anonymous_1)","decl":{"start":{"line":15,"column":4},"end":{"line":15,"column":5}},"loc":{"start":{"line":15,"column":21},"end":{"line":17,"column":5}},"line":15}},"branchMap":{},"s":{"0":1,"1":1,"2":1,"3":1,"4":1,"5":1},"f":{"0":1,"1":1},"b":{},"_coverageSchema":"1a1c01bbd47fc00a2c39e90264f33305004495a9","hash":"299b0d38639d76c54664c3c4cbf05dda3bd2f2d5"}
,"C:\\Users\\HI\\OneDrive\\Desktop\\graphql\\backend\\graphql\\schema.js": {"path":"C:\\Users\\HI\\OneDrive\\Desktop\\graphql\\backend\\graphql\\schema.js","statementMap":{"0":{"start":{"line":1,"column":45},"end":{"line":1,"column":63}},"1":{"start":{"line":2,"column":20},"end":{"line":2,"column":40}},"2":{"start":{"line":3,"column":23},"end":{"line":3,"column":45}},"3":{"start":{"line":5,"column":18},"end":{"line":8,"column":2}},"4":{"start":{"line":7,"column":16},"end":{"line":7,"column":27}},"5":{"start":{"line":10,"column":17},"end":{"line":13,"column":2}},"6":{"start":{"line":12,"column":16},"end":{"line":12,"column":30}},"7":{"start":{"line":15,"column":0},"end":{"line":18,"column":3}}},"fnMap":{"0":{"name":"(anonymous_0)","decl":{"start":{"line":7,"column":10},"end":{"line":7,"column":11}},"loc":{"start":{"line":7,"column":16},"end":{"line":7,"column":27}},"line":7},"1":{"name":"(anonymous_1)","decl":{"start":{"line":12,"column":10},"end":{"line":12,"column":11}},"loc":{"start":{"line":12,"column":16},"end":{"line":12,"column":30}},"line":12}},"branchMap":{},"s":{"0":1,"1":1,"2":1,"3":1,"4":1,"5":1,"6":1,"7":1},"f":{"0":1,"1":1},"b":{},"_coverageSchema":"1a1c01bbd47fc00a2c39e90264f33305004495a9","hash":"1e712af8b146b07c0bb119756bd04e56d084bad0"}
,"C:\\Users\\HI\\OneDrive\\Desktop\\graphql\\backend\\graphql\\types\\userType.js": {"path":"C:\\Users\\HI\\OneDrive\\Desktop\\graphql\\backend\\graphql\\types\\userType.js","statementMap":{"0":{"start":{"line":1,"column":56},"end":{"line":1,"column":74}},"1":{"start":{"line":3,"column":0},"end":{"line":14,"column":3}},"2":{"start":{"line":5,"column":17},"end":{"line":13,"column":3}},"3":{"start":{"line":8,"column":27},"end":{"line":8,"column":48}}},"fnMap":{"0":{"name":"(anonymous_0)","decl":{"start":{"line":5,"column":10},"end":{"line":5,"column":11}},"loc":{"start":{"line":5,"column":17},"end":{"line":13,"column":3}},"line":5},"1":{"name":"(anonymous_1)","decl":{"start":{"line":8,"column":15},"end":{"line":8,"column":16}},"loc":{"start":{"line":8,"column":27},"end":{"line":8,"column":48}},"line":8}},"branchMap":{},"s":{"0":1,"1":1,"2":1,"3":5},"f":{"0":1,"1":5},"b":{},"_coverageSchema":"1a1c01bbd47fc00a2c39e90264f33305004495a9","hash":"993bef296973daeb59c6f3bf30390f26a01dcba2"}
,"C:\\Users\\HI\\OneDrive\\Desktop\\graphql\\backend\\models\\userSchema.js": {"path":"C:\\Users\\HI\\OneDrive\\Desktop\\graphql\\backend\\models\\userSchema.js","statementMap":{"0":{"start":{"line":1,"column":17},"end":{"line":1,"column":36}},"1":{"start":{"line":3,"column":19},"end":{"line":16,"column":2}},"2":{"start":{"line":19,"column":0},"end":{"line":19,"column":54}}},"fnMap":{},"branchMap":{},"s":{"0":1,"1":1,"2":1},"f":{},"b":{},"_coverageSchema":"1a1c01bbd47fc00a2c39e90264f33305004495a9","hash":"fa3ad777463450832d91d7a6e9077626b0e0467d"}
}
