TN:
SF:app.js
FN:12,(anonymous_0)
FN:22,(anonymous_1)
FN:23,(anonymous_2)
FNF:3
FNH:2
FNDA:1,(anonymous_0)
FNDA:1,(anonymous_1)
FNDA:0,(anonymous_2)
DA:1,1
DA:2,1
DA:3,1
DA:4,1
DA:5,1
DA:6,1
DA:8,1
DA:10,1
DA:12,1
DA:13,1
DA:16,1
DA:21,1
DA:22,1
DA:23,0
DA:25,1
LF:15
LH:14
BRF:0
BRH:0
end_of_record
TN:
SF:graphql\mutations.js
FN:13,(anonymous_0)
FN:26,(anonymous_1)
FN:37,(anonymous_2)
FNF:3
FNH:3
FNDA:1,(anonymous_0)
FNDA:1,(anonymous_1)
FNDA:1,(anonymous_2)
DA:1,1
DA:2,1
DA:3,1
DA:5,1
DA:14,1
DA:15,1
DA:27,1
DA:28,1
DA:29,1
DA:30,1
DA:31,1
DA:38,1
LF:12
LH:12
BRDA:28,0,0,1
BRDA:28,0,1,0
BRDA:29,1,0,1
BRDA:29,1,1,0
BRDA:30,2,0,1
BRDA:30,2,1,0
BRF:6
BRH:3
end_of_record
TN:
SF:graphql\queries.js
FN:8,(anonymous_0)
FN:15,(anonymous_1)
FNF:2
FNH:2
FNDA:1,(anonymous_0)
FNDA:1,(anonymous_1)
DA:1,1
DA:2,1
DA:3,1
DA:5,1
DA:9,1
DA:16,1
LF:6
LH:6
BRF:0
BRH:0
end_of_record
TN:
SF:graphql\schema.js
FN:7,(anonymous_0)
FN:12,(anonymous_1)
FNF:2
FNH:2
FNDA:1,(anonymous_0)
FNDA:1,(anonymous_1)
DA:1,1
DA:2,1
DA:3,1
DA:5,1
DA:7,1
DA:10,1
DA:12,1
DA:15,1
LF:8
LH:8
BRF:0
BRH:0
end_of_record
TN:
SF:graphql\types\userType.js
FN:5,(anonymous_0)
FN:8,(anonymous_1)
FNF:2
FNH:2
FNDA:1,(anonymous_0)
FNDA:5,(anonymous_1)
DA:1,1
DA:3,1
DA:5,1
DA:8,5
LF:4
LH:4
BRF:0
BRH:0
end_of_record
TN:
SF:models\userSchema.js
FNF:0
FNH:0
DA:1,1
DA:3,1
DA:19,1
LF:3
LH:3
BRF:0
BRH:0
end_of_record
